<?xml version="1.0" encoding="UTF-8"?>
<!-- Generated by org.testng.reporters.JUnitReportReporter -->
<testsuite hostname="lstkag233157" failures="0" tests="1" name="generalPakage.tests" time="6.370" errors="0" timestamp="2021-10-03T21:52:01 CDT" skipped="0">
  <testcase classname="generalPakage.tests" name="Buy3atSame" time="6.370"/>
  <system-out/>
</testsuite> <!-- generalPakage.tests -->
